<?xml version="1.0" encoding="UTF-8"?>
<testsuites>
  <testsuite name="Application Test Suite" tests="18" assertions="53" failures="0" errors="0" time="9.693214">
    <testsuite name="IndexControllerTest" file="/home/projetos/zf2napratica/module/Application/tests/src/Application/Controller/IndexControllerTest.php" tests="3" assertions="14" failures="0" errors="0" time="3.951108">
      <testcase name="test404" class="IndexControllerTest" file="/home/projetos/zf2napratica/module/Application/tests/src/Application/Controller/IndexControllerTest.php" line="31" assertions="1" time="0.307310"/>
      <testcase name="testIndexAction" class="IndexControllerTest" file="/home/projetos/zf2napratica/module/Application/tests/src/Application/Controller/IndexControllerTest.php" line="42" assertions="5" time="0.643045"/>
      <testcase name="testIndexActionPaginator" class="IndexControllerTest" file="/home/projetos/zf2napratica/module/Application/tests/src/Application/Controller/IndexControllerTest.php" line="88" assertions="8" time="3.000753"/>
    </testsuite>
    <testsuite name="Application\Model\CommentTest" file="/home/projetos/zf2napratica/module/Application/tests/src/Application/Model/CommentTest.php" namespace="Application\Model" fullPackage="Application.Model" tests="8" assertions="22" failures="0" errors="0" time="3.422670">
      <testcase name="testGetInputFilter" class="Application\Model\CommentTest" file="/home/projetos/zf2napratica/module/Application/tests/src/Application/Model/CommentTest.php" line="14" assertions="1" time="0.309624"/>
      <testcase name="testInputFilterValid" class="Application\Model\CommentTest" file="/home/projetos/zf2napratica/module/Application/tests/src/Application/Model/CommentTest.php" line="24" assertions="8" time="0.259417"/>
      <testcase name="testInputFilterInvalido" class="Application\Model\CommentTest" file="/home/projetos/zf2napratica/module/Application/tests/src/Application/Model/CommentTest.php" line="39" assertions="2" time="0.301181"/>
      <testcase name="testInsert" class="Application\Model\CommentTest" file="/home/projetos/zf2napratica/module/Application/tests/src/Application/Model/CommentTest.php" line="49" assertions="2" time="0.502787"/>
      <testcase name="testInsertInvalido" class="Application\Model\CommentTest" file="/home/projetos/zf2napratica/module/Application/tests/src/Application/Model/CommentTest.php" line="64" assertions="1" time="0.326612"/>
      <testcase name="testUpdate" class="Application\Model\CommentTest" file="/home/projetos/zf2napratica/module/Application/tests/src/Application/Model/CommentTest.php" line="73" assertions="3" time="0.543391"/>
      <testcase name="testUpdateInvalido" class="Application\Model\CommentTest" file="/home/projetos/zf2napratica/module/Application/tests/src/Application/Model/CommentTest.php" line="98" assertions="2" time="0.494586"/>
      <testcase name="testDelete" class="Application\Model\CommentTest" file="/home/projetos/zf2napratica/module/Application/tests/src/Application/Model/CommentTest.php" line="115" assertions="3" time="0.685072"/>
    </testsuite>
    <testsuite name="Application\Model\PostTest" file="/home/projetos/zf2napratica/module/Application/tests/src/Application/Model/PostTest.php" namespace="Application\Model" fullPackage="Application.Model" tests="7" assertions="17" failures="0" errors="0" time="2.319436">
      <testcase name="testGetInputFilter" class="Application\Model\PostTest" file="/home/projetos/zf2napratica/module/Application/tests/src/Application/Model/PostTest.php" line="13" assertions="1" time="0.292545"/>
      <testcase name="testInputFilterValid" class="Application\Model\PostTest" file="/home/projetos/zf2napratica/module/Application/tests/src/Application/Model/PostTest.php" line="24" assertions="5" time="0.276073"/>
      <testcase name="testInputFilterInvalido" class="Application\Model\PostTest" file="/home/projetos/zf2napratica/module/Application/tests/src/Application/Model/PostTest.php" line="36" assertions="1" time="0.260763"/>
      <testcase name="testInsert" class="Application\Model\PostTest" file="/home/projetos/zf2napratica/module/Application/tests/src/Application/Model/PostTest.php" line="49" assertions="2" time="0.343118"/>
      <testcase name="testInsertInvalido" class="Application\Model\PostTest" file="/home/projetos/zf2napratica/module/Application/tests/src/Application/Model/PostTest.php" line="65" assertions="2" time="0.292705"/>
      <testcase name="testUpdate" class="Application\Model\PostTest" file="/home/projetos/zf2napratica/module/Application/tests/src/Application/Model/PostTest.php" line="74" assertions="3" time="0.443105"/>
      <testcase name="testDelete" class="Application\Model\PostTest" file="/home/projetos/zf2napratica/module/Application/tests/src/Application/Model/PostTest.php" line="98" assertions="3" time="0.411127"/>
    </testsuite>
  </testsuite>
</testsuites>
